1542643093486	mozrunner::runner	INFO	Running command: "/usr/bin/firefox" "-marionette" "-foreground" "-no-remote" "-profile" "/tmp/rust_mozprofile.p4HjKkN5XPan"
1542643097084	Marionette	INFO	Listening on port 39329
1542643097119	Marionette	WARN	TLS certificate errors will be ignored for this session
1542643097374	Marionette	INFO	Stopped listening on port 39329
[Parent 25646, Gecko_IOThread] WARNING: pipe error (94): Connection reset by peer: file /build/firefox-4VfQCB/firefox-63.0+build2/ipc/chromium/src/chrome/common/ipc_channel_posix.cc, line 356
[Parent 25646, Gecko_IOThread] WARNING: pipe error (77): Connection reset by peer: file /build/firefox-4VfQCB/firefox-63.0+build2/ipc/chromium/src/chrome/common/ipc_channel_posix.cc, line 356
1542643136899	mozrunner::runner	INFO	Running command: "/usr/bin/firefox" "-marionette" "-foreground" "-no-remote" "-profile" "/tmp/rust_mozprofile.97xkVYJVsgM6"
1542643139065	Marionette	INFO	Listening on port 44021
1542643139120	Marionette	WARN	TLS certificate errors will be ignored for this session
1542643139649	Marionette	INFO	Stopped listening on port 44021
[Parent 25990, Gecko_IOThread] WARNING: pipe error (65): Connection reset by peer: file /build/firefox-4VfQCB/firefox-63.0+build2/ipc/chromium/src/chrome/common/ipc_channel_posix.cc, line 356
1542643208437	mozrunner::runner	INFO	Running command: "/usr/bin/firefox" "-marionette" "-foreground" "-no-remote" "-profile" "/tmp/rust_mozprofile.7Hi9wey9Bhzq"
1542643210515	Marionette	INFO	Listening on port 43311
1542643210566	Marionette	WARN	TLS certificate errors will be ignored for this session
1542643210873	Marionette	INFO	Stopped listening on port 43311
JavaScript error: resource://activity-stream/lib/TopSitesFeed.jsm, line 86: TypeError: setting getter-only property "_currentSearchHostname"
[Parent 26275, Gecko_IOThread] WARNING: pipe error (77): Connection reset by peer: file /build/firefox-4VfQCB/firefox-63.0+build2/ipc/chromium/src/chrome/common/ipc_channel_posix.cc, line 356
JavaScript error: resource://gre/modules/IndexedDB.jsm, line 349: UnknownError: The operation failed for reasons unrelated to the database itself and not covered by any other error code.
1542643242218	mozrunner::runner	INFO	Running command: "/usr/bin/firefox" "-marionette" "-foreground" "-no-remote" "-profile" "/tmp/rust_mozprofile.hkIg59tTyPgB"
1542643244219	Marionette	INFO	Listening on port 45925
1542643244243	Marionette	WARN	TLS certificate errors will be ignored for this session
1542643244840	Marionette	INFO	Stopped listening on port 45925
[Parent 26491, Gecko_IOThread] WARNING: pipe error (77): Connection reset by peer: file /build/firefox-4VfQCB/firefox-63.0+build2/ipc/chromium/src/chrome/common/ipc_channel_posix.cc, line 356
[Parent 26491, Gecko_IOThread] WARNING: pipe error (65): Connection reset by peer: file /build/firefox-4VfQCB/firefox-63.0+build2/ipc/chromium/src/chrome/common/ipc_channel_posix.cc, line 356
1542643408993	mozrunner::runner	INFO	Running command: "/usr/bin/firefox" "-marionette" "-foreground" "-no-remote" "-profile" "/tmp/rust_mozprofile.QHt1jPX29ReR"
1542643411788	Marionette	INFO	Listening on port 34017
1542643411812	Marionette	WARN	TLS certificate errors will be ignored for this session
JavaScript error: resource:///actors/NetErrorChild.jsm, line 634: TypeError: docShell.failedChannel is null
1542643412089	Marionette	INFO	Stopped listening on port 34017
JavaScript error: resource://gre/modules/IndexedDB.jsm, line 349: UnknownError: The operation failed for reasons unrelated to the database itself and not covered by any other error code.
1542643665831	mozrunner::runner	INFO	Running command: "/usr/bin/firefox" "-marionette" "-foreground" "-no-remote" "-profile" "/tmp/rust_mozprofile.ZIB0kdqqKGHo"
1542643667902	Marionette	INFO	Listening on port 41535
1542643667961	Marionette	WARN	TLS certificate errors will be ignored for this session
JavaScript error: resource:///actors/NetErrorChild.jsm, line 634: TypeError: docShell.failedChannel is null
1542643668146	Marionette	INFO	Stopped listening on port 41535
JavaScript error: resource://activity-stream/lib/ActivityStreamPrefs.jsm, line 29: NS_ERROR_ILLEGAL_VALUE: Component returned failure code: 0x80070057 (NS_ERROR_ILLEGAL_VALUE) [nsIPrefBranch.removeObserver]
JavaScript error: resource://gre/modules/Sqlite.jsm, line 841: Error: Connection is not open.
1542643708947	mozrunner::runner	INFO	Running command: "/usr/bin/firefox" "-marionette" "-foreground" "-no-remote" "-profile" "/tmp/rust_mozprofile.727emIz0FXdx"
1542643711012	Marionette	INFO	Listening on port 39199
1542643711065	Marionette	WARN	TLS certificate errors will be ignored for this session
JavaScript error: resource:///actors/NetErrorChild.jsm, line 634: TypeError: docShell.failedChannel is null
1542643711460	Marionette	INFO	Stopped listening on port 39199
[Parent 27553, Gecko_IOThread] WARNING: pipe error (77): Connection reset by peer: file /build/firefox-4VfQCB/firefox-63.0+build2/ipc/chromium/src/chrome/common/ipc_channel_posix.cc, line 356
1542643741767	mozrunner::runner	INFO	Running command: "/usr/bin/firefox" "-marionette" "-foreground" "-no-remote" "-profile" "/tmp/rust_mozprofile.iaW64qpdSDz5"
1542643743864	Marionette	INFO	Listening on port 38577
1542643743879	Marionette	WARN	TLS certificate errors will be ignored for this session
JavaScript error: resource:///actors/NetErrorChild.jsm, line 634: TypeError: docShell.failedChannel is null
1542643744222	Marionette	INFO	Stopped listening on port 38577
JavaScript error: resource://activity-stream/lib/TopSitesFeed.jsm, line 86: TypeError: setting getter-only property "_currentSearchHostname"
[Parent 27807, Gecko_IOThread] WARNING: pipe error (94): Connection reset by peer: file /build/firefox-4VfQCB/firefox-63.0+build2/ipc/chromium/src/chrome/common/ipc_channel_posix.cc, line 356
1542643775289	mozrunner::runner	INFO	Running command: "/usr/bin/firefox" "-marionette" "-foreground" "-no-remote" "-profile" "/tmp/rust_mozprofile.C7ni921vrZQI"
1542643777367	Marionette	INFO	Listening on port 45857
1542643777400	Marionette	WARN	TLS certificate errors will be ignored for this session
1542643777815	Marionette	INFO	Stopped listening on port 45857
[Parent 28057, Gecko_IOThread] WARNING: pipe error (77): Connection reset by peer: file /build/firefox-4VfQCB/firefox-63.0+build2/ipc/chromium/src/chrome/common/ipc_channel_posix.cc, line 356
[Parent 28057, Gecko_IOThread] WARNING: pipe error (65): Connection reset by peer: file /build/firefox-4VfQCB/firefox-63.0+build2/ipc/chromium/src/chrome/common/ipc_channel_posix.cc, line 356
1542644035099	mozrunner::runner	INFO	Running command: "/usr/bin/firefox" "-marionette" "-foreground" "-no-remote" "-profile" "/tmp/rust_mozprofile.ba5SOykDsH9T"
1542644037164	Marionette	INFO	Listening on port 36365
1542644037212	Marionette	WARN	TLS certificate errors will be ignored for this session
1542644037688	Marionette	INFO	Stopped listening on port 36365
JavaScript error: resource://activity-stream/lib/TopSitesFeed.jsm, line 86: TypeError: setting getter-only property "_currentSearchHostname"
1542644122691	mozrunner::runner	INFO	Running command: "/usr/bin/firefox" "-marionette" "-foreground" "-no-remote" "-profile" "/tmp/rust_mozprofile.aV69LcdBKz61"
1542644124728	Marionette	INFO	Listening on port 32953
1542644124805	Marionette	WARN	TLS certificate errors will be ignored for this session
1542644125187	Marionette	INFO	Stopped listening on port 32953
[Parent 28699, Gecko_IOThread] WARNING: pipe error (77): Connection reset by peer: file /build/firefox-4VfQCB/firefox-63.0+build2/ipc/chromium/src/chrome/common/ipc_channel_posix.cc, line 356
[Parent 28699, Gecko_IOThread] WARNING: pipe error (65): Connection reset by peer: file /build/firefox-4VfQCB/firefox-63.0+build2/ipc/chromium/src/chrome/common/ipc_channel_posix.cc, line 356
1542644151802	mozrunner::runner	INFO	Running command: "/usr/bin/firefox" "-marionette" "-foreground" "-no-remote" "-profile" "/tmp/rust_mozprofile.2iUIJHuWegmQ"
1542644154009	Marionette	INFO	Listening on port 46821
1542644154021	Marionette	WARN	TLS certificate errors will be ignored for this session
1542644157032	Marionette	INFO	Stopped listening on port 46821
[Parent 29372, Gecko_IOThread] WARNING: pipe error (77): Connection reset by peer: file /build/firefox-4VfQCB/firefox-63.0+build2/ipc/chromium/src/chrome/common/ipc_channel_posix.cc, line 356
1542644438426	mozrunner::runner	INFO	Running command: "/usr/bin/firefox" "-marionette" "-foreground" "-no-remote" "-profile" "/tmp/rust_mozprofile.HbyDoCuN4JH8"
1542644440569	Marionette	INFO	Listening on port 39985
1542644440633	Marionette	WARN	TLS certificate errors will be ignored for this session
1542644447709	Marionette	INFO	Stopped listening on port 39985
[Parent 30077, Gecko_IOThread] WARNING: pipe error (65): Connection reset by peer: file /build/firefox-4VfQCB/firefox-63.0+build2/ipc/chromium/src/chrome/common/ipc_channel_posix.cc, line 356
[Parent 30077, Gecko_IOThread] WARNING: pipe error (77): Connection reset by peer: file /build/firefox-4VfQCB/firefox-63.0+build2/ipc/chromium/src/chrome/common/ipc_channel_posix.cc, line 356
1542644492349	mozrunner::runner	INFO	Running command: "/usr/bin/firefox" "-marionette" "-foreground" "-no-remote" "-profile" "/tmp/rust_mozprofile.J5sql8mDpEsQ"
1542644494351	Marionette	INFO	Listening on port 42783
1542644494362	Marionette	WARN	TLS certificate errors will be ignored for this session
1542644502171	Marionette	INFO	Stopped listening on port 42783
[Parent 30587, Gecko_IOThread] WARNING: pipe error (77): Connection reset by peer: file /build/firefox-4VfQCB/firefox-63.0+build2/ipc/chromium/src/chrome/common/ipc_channel_posix.cc, line 356
1542644578974	mozrunner::runner	INFO	Running command: "/usr/bin/firefox" "-marionette" "-foreground" "-no-remote" "-profile" "/tmp/rust_mozprofile.hdd9ROTSuMvU"
1542644581077	Marionette	INFO	Listening on port 45835
1542644581091	Marionette	WARN	TLS certificate errors will be ignored for this session
1542644587873	Marionette	INFO	Stopped listening on port 45835
[Parent 30900, Gecko_IOThread] WARNING: pipe error (77): Connection reset by peer: file /build/firefox-4VfQCB/firefox-63.0+build2/ipc/chromium/src/chrome/common/ipc_channel_posix.cc, line 356
1542644792838	mozrunner::runner	INFO	Running command: "/usr/bin/firefox" "-marionette" "-foreground" "-no-remote" "-profile" "/tmp/rust_mozprofile.yNxNaGNDtu0O"
1542644794985	Marionette	INFO	Listening on port 38283
1542644795054	Marionette	WARN	TLS certificate errors will be ignored for this session
1542644804198	Marionette	INFO	Stopped listening on port 38283
[Parent 31436, Gecko_IOThread] WARNING: pipe error (77): Connection reset by peer: file /build/firefox-4VfQCB/firefox-63.0+build2/ipc/chromium/src/chrome/common/ipc_channel_posix.cc, line 356
1542644837302	mozrunner::runner	INFO	Running command: "/usr/bin/firefox" "-marionette" "-foreground" "-no-remote" "-profile" "/tmp/rust_mozprofile.kRvhZQ70Hnnc"
1542644839381	Marionette	INFO	Listening on port 45123
1542644839416	Marionette	WARN	TLS certificate errors will be ignored for this session
1542644848180	Marionette	INFO	Stopped listening on port 45123
[Parent 31741, Gecko_IOThread] WARNING: pipe error (77): Connection reset by peer: file /build/firefox-4VfQCB/firefox-63.0+build2/ipc/chromium/src/chrome/common/ipc_channel_posix.cc, line 356
1542644914192	mozrunner::runner	INFO	Running command: "/usr/bin/firefox" "-marionette" "-foreground" "-no-remote" "-profile" "/tmp/rust_mozprofile.om00hagYScgh"
1542644916320	Marionette	INFO	Listening on port 35381
1542644916409	Marionette	WARN	TLS certificate errors will be ignored for this session
1542644924275	Marionette	INFO	Stopped listening on port 35381
[Parent 32057, Gecko_IOThread] WARNING: pipe error (77): Connection reset by peer: file /build/firefox-4VfQCB/firefox-63.0+build2/ipc/chromium/src/chrome/common/ipc_channel_posix.cc, line 356
[Parent 32057, Gecko_IOThread] WARNING: pipe error (65): Connection reset by peer: file /build/firefox-4VfQCB/firefox-63.0+build2/ipc/chromium/src/chrome/common/ipc_channel_posix.cc, line 356
1542644956853	mozrunner::runner	INFO	Running command: "/usr/bin/firefox" "-marionette" "-foreground" "-no-remote" "-profile" "/tmp/rust_mozprofile.cMK9MTrxQueQ"
1542644958897	Marionette	INFO	Listening on port 45191
1542644958977	Marionette	WARN	TLS certificate errors will be ignored for this session
1542644966890	Marionette	INFO	Stopped listening on port 45191
[Parent 32315, Gecko_IOThread] WARNING: pipe error (77): Connection reset by peer: file /build/firefox-4VfQCB/firefox-63.0+build2/ipc/chromium/src/chrome/common/ipc_channel_posix.cc, line 356
1542645005145	mozrunner::runner	INFO	Running command: "/usr/bin/firefox" "-marionette" "-foreground" "-no-remote" "-profile" "/tmp/rust_mozprofile.Eoqz7Ro8cL0m"
1542645007273	Marionette	INFO	Listening on port 37901
1542645007356	Marionette	WARN	TLS certificate errors will be ignored for this session
1542645016151	Marionette	INFO	Stopped listening on port 37901
[Parent 32562, Gecko_IOThread] WARNING: pipe error (77): Connection reset by peer: file /build/firefox-4VfQCB/firefox-63.0+build2/ipc/chromium/src/chrome/common/ipc_channel_posix.cc, line 356
1542645073001	mozrunner::runner	INFO	Running command: "/usr/bin/firefox" "-marionette" "-foreground" "-no-remote" "-profile" "/tmp/rust_mozprofile.k5YmlCZzZBpu"
1542645075121	Marionette	INFO	Listening on port 42971
1542645075215	Marionette	WARN	TLS certificate errors will be ignored for this session
1542645084102	Marionette	INFO	Stopped listening on port 42971
1542645128059	mozrunner::runner	INFO	Running command: "/usr/bin/firefox" "-marionette" "-foreground" "-no-remote" "-profile" "/tmp/rust_mozprofile.oSX9cdTePIjj"
1542645130079	Marionette	INFO	Listening on port 45185
1542645130246	Marionette	WARN	TLS certificate errors will be ignored for this session
1542645136207	Marionette	INFO	Stopped listening on port 45185
[Parent 717, Gecko_IOThread] WARNING: pipe error (94): Connection reset by peer: file /build/firefox-4VfQCB/firefox-63.0+build2/ipc/chromium/src/chrome/common/ipc_channel_posix.cc, line 356
[Parent 717, Gecko_IOThread] WARNING: pipe error (77): Connection reset by peer: file /build/firefox-4VfQCB/firefox-63.0+build2/ipc/chromium/src/chrome/common/ipc_channel_posix.cc, line 356
1542645192327	mozrunner::runner	INFO	Running command: "/usr/bin/firefox" "-marionette" "-foreground" "-no-remote" "-profile" "/tmp/rust_mozprofile.yFXEl9OVDSrL"
1542645194390	Marionette	INFO	Listening on port 38671
1542645194438	Marionette	WARN	TLS certificate errors will be ignored for this session
1542645201454	Marionette	INFO	Stopped listening on port 38671
[Parent 994, Gecko_IOThread] WARNING: pipe error (77): Connection reset by peer: file /build/firefox-4VfQCB/firefox-63.0+build2/ipc/chromium/src/chrome/common/ipc_channel_posix.cc, line 356
1542645267179	mozrunner::runner	INFO	Running command: "/usr/bin/firefox" "-marionette" "-foreground" "-no-remote" "-profile" "/tmp/rust_mozprofile.ASGkEE20El6X"
1542645269220	Marionette	INFO	Listening on port 44611
1542645269300	Marionette	WARN	TLS certificate errors will be ignored for this session
1542645277307	Marionette	INFO	Stopped listening on port 44611
[Parent 1291, Gecko_IOThread] WARNING: pipe error (77): Connection reset by peer: file /build/firefox-4VfQCB/firefox-63.0+build2/ipc/chromium/src/chrome/common/ipc_channel_posix.cc, line 356
1542645298415	mozrunner::runner	INFO	Running command: "/usr/bin/firefox" "-marionette" "-foreground" "-no-remote" "-profile" "/tmp/rust_mozprofile.DSKsBmrDcOp9"
1542645300443	Marionette	INFO	Listening on port 35303
1542645300525	Marionette	WARN	TLS certificate errors will be ignored for this session
1542645307480	Marionette	INFO	Stopped listening on port 35303
[Parent 1567, Gecko_IOThread] WARNING: pipe error (64): Connection reset by peer: file /build/firefox-4VfQCB/firefox-63.0+build2/ipc/chromium/src/chrome/common/ipc_channel_posix.cc, line 356
[Parent 1567, Gecko_IOThread] WARNING: pipe error (77): Connection reset by peer: file /build/firefox-4VfQCB/firefox-63.0+build2/ipc/chromium/src/chrome/common/ipc_channel_posix.cc, line 356
1542645594778	mozrunner::runner	INFO	Running command: "/usr/bin/firefox" "-marionette" "-foreground" "-no-remote" "-profile" "/tmp/rust_mozprofile.gc1e7kVQLaqM"
1542645596789	Marionette	INFO	Listening on port 38641
1542645597020	Marionette	WARN	TLS certificate errors will be ignored for this session
1542645602744	Marionette	INFO	Stopped listening on port 38641
[Parent 2103, Gecko_IOThread] WARNING: pipe error (77): Connection reset by peer: file /build/firefox-4VfQCB/firefox-63.0+build2/ipc/chromium/src/chrome/common/ipc_channel_posix.cc, line 356
1542646005764	mozrunner::runner	INFO	Running command: "/usr/bin/firefox" "-marionette" "-foreground" "-no-remote" "-profile" "/tmp/rust_mozprofile.WIMDy7s8Q7Ui"
1542646007838	Marionette	INFO	Listening on port 35953
1542646007876	Marionette	WARN	TLS certificate errors will be ignored for this session
1542646014216	Marionette	INFO	Stopped listening on port 35953
[Parent 2704, Gecko_IOThread] WARNING: pipe error (77): Connection reset by peer: file /build/firefox-4VfQCB/firefox-63.0+build2/ipc/chromium/src/chrome/common/ipc_channel_posix.cc, line 356
[Parent 2704, Gecko_IOThread] WARNING: pipe error (65): Connection reset by peer: file /build/firefox-4VfQCB/firefox-63.0+build2/ipc/chromium/src/chrome/common/ipc_channel_posix.cc, line 356
1542646123831	mozrunner::runner	INFO	Running command: "/usr/bin/firefox" "-marionette" "-foreground" "-no-remote" "-profile" "/tmp/rust_mozprofile.e14BF0Eh19ss"
1542646125862	Marionette	INFO	Listening on port 35827
1542646125943	Marionette	WARN	TLS certificate errors will be ignored for this session
1542646133663	Marionette	INFO	Stopped listening on port 35827
[Parent 3060, Gecko_IOThread] WARNING: pipe error (77): Connection reset by peer: file /build/firefox-4VfQCB/firefox-63.0+build2/ipc/chromium/src/chrome/common/ipc_channel_posix.cc, line 356
1542646555282	mozrunner::runner	INFO	Running command: "/usr/bin/firefox" "-marionette" "-foreground" "-no-remote" "-profile" "/tmp/rust_mozprofile.LOB9egIr8Yla"
1542646557831	Marionette	INFO	Listening on port 41827
1542646557914	Marionette	WARN	TLS certificate errors will be ignored for this session
1542646558128	Marionette	INFO	Stopped listening on port 41827
[Parent 3774, Gecko_IOThread] WARNING: pipe error (78): Connection reset by peer: file /build/firefox-4VfQCB/firefox-63.0+build2/ipc/chromium/src/chrome/common/ipc_channel_posix.cc, line 356
1542646742311	mozrunner::runner	INFO	Running command: "/usr/bin/firefox" "-marionette" "-foreground" "-no-remote" "-profile" "/tmp/rust_mozprofile.oxqhPgJoo4iJ"
1542646744302	Marionette	INFO	Listening on port 40607
1542646744320	Marionette	WARN	TLS certificate errors will be ignored for this session
1542646744545	Marionette	INFO	Stopped listening on port 40607
JavaScript error: resource://activity-stream/lib/TopSitesFeed.jsm, line 86: TypeError: setting getter-only property "_currentSearchHostname"
1542647813316	mozrunner::runner	INFO	Running command: "/usr/bin/firefox" "-marionette" "-foreground" "-no-remote" "-profile" "/tmp/rust_mozprofile.J8RVvSxKiGP0"
1542647815963	Marionette	INFO	Listening on port 37173
1542647816047	Marionette	WARN	TLS certificate errors will be ignored for this session
1542647816283	Marionette	INFO	Stopped listening on port 37173
[Parent 5309, Gecko_IOThread] WARNING: pipe error (77): Connection reset by peer: file /build/firefox-4VfQCB/firefox-63.0+build2/ipc/chromium/src/chrome/common/ipc_channel_posix.cc, line 356
[Parent 5309, Gecko_IOThread] WARNING: pipe error (70): Connection reset by peer: file /build/firefox-4VfQCB/firefox-63.0+build2/ipc/chromium/src/chrome/common/ipc_channel_posix.cc, line 356
1542648067459	mozrunner::runner	INFO	Running command: "/usr/bin/firefox" "-marionette" "-foreground" "-no-remote" "-profile" "/tmp/rust_mozprofile.iMRAqNIE5By6"
1542648069514	Marionette	INFO	Listening on port 41707
1542648069577	Marionette	WARN	TLS certificate errors will be ignored for this session
1542648070003	Marionette	INFO	Stopped listening on port 41707
1542648199786	mozrunner::runner	INFO	Running command: "/usr/bin/firefox" "-marionette" "-foreground" "-no-remote" "-profile" "/tmp/rust_mozprofile.PW40cYxNglCQ"
1542648201866	Marionette	INFO	Listening on port 42259
1542648201901	Marionette	WARN	TLS certificate errors will be ignored for this session
1542648202397	Marionette	INFO	Stopped listening on port 42259
JavaScript error: resource://activity-stream/lib/TopSitesFeed.jsm, line 86: TypeError: setting getter-only property "_currentSearchHostname"
[Parent 6056, Gecko_IOThread] WARNING: pipe error (77): Connection reset by peer: file /build/firefox-4VfQCB/firefox-63.0+build2/ipc/chromium/src/chrome/common/ipc_channel_posix.cc, line 356
[Parent 6056, Gecko_IOThread] WARNING: pipe error (64): Connection reset by peer: file /build/firefox-4VfQCB/firefox-63.0+build2/ipc/chromium/src/chrome/common/ipc_channel_posix.cc, line 356
JavaScript error: resource://gre/modules/Sqlite.jsm, line 841: Error: Connection is not open.
1542648289853	mozrunner::runner	INFO	Running command: "/usr/bin/firefox" "-marionette" "-foreground" "-no-remote" "-profile" "/tmp/rust_mozprofile.bPNNKxcTc88P"
1542648291902	Marionette	INFO	Listening on port 40591
1542648291972	Marionette	WARN	TLS certificate errors will be ignored for this session
1542648301498	Marionette	INFO	Stopped listening on port 40591
